生成启动时间为 2017/12/9 12:08:25。
     1>项目“E:\aaaal\StudyCPlusPlus\cpp_study\cpp_study.vcxproj”在节点 2 上(Build 个目标)。
     1>ClCompile:
         E:\visualstudio\VC\bin\CL.exe /c /ZI /nologo /W3 /WX- /sdl /Od /Oy- /D _MBCS /Gm /EHsc /RTC1 /MDd /GS /fp:precise /Zc:wchar_t /Zc:forScope /Fo"Debug\\" /Fd"Debug\vc120.pdb" /Gd /TP /analyze- /errorReport:prompt "类型转换.cpp"
         类型转换.cpp
       Link:
         E:\visualstudio\VC\bin\link.exe /ERRORREPORT:PROMPT /OUT:"E:\aaaal\StudyCPlusPlus\cpp_study\Debug\cpp_study.exe" /INCREMENTAL /NOLOGO kernel32.lib user32.lib gdi32.lib winspool.lib comdlg32.lib advapi32.lib shell32.lib ole32.lib oleaut32.lib uuid.lib odbc32.lib odbccp32.lib /MANIFEST /MANIFESTUAC:"level='asInvoker' uiAccess='false'" /manifest:embed /DEBUG /PDB:"E:\aaaal\StudyCPlusPlus\cpp_study\Debug\cpp_study.pdb" /TLBID:1 /DYNAMICBASE /NXCOMPAT /IMPLIB:"E:\aaaal\StudyCPlusPlus\cpp_study\Debug\cpp_study.lib" /MACHINE:X86 Debug\1.obj
         Debug\2.obj
         Debug\3.obj
         Debug\Copter.obj
         Debug\io.obj
         Debug\Jet.obj
         Debug\MyTeacher.obj
         Debug\Plane.obj
         Debug\stl.obj
         Debug\stl_2.obj
         "Debug\友元函数与运算符重载.obj"
         "Debug\异常.obj"
         "Debug\模板类.obj"
         "Debug\类型转换.obj"
         "Debug\继承与多态.obj"
     1>stl.obj : error LNK2038: 检测到“_ITERATOR_DEBUG_LEVEL”的不匹配项:  值“0”不匹配值“2”(1.obj 中)
     1>E:\aaaal\StudyCPlusPlus\cpp_study\Debug\cpp_study.exe : fatal error LNK1319: 检测到 1 个不匹配项
     1>已完成生成项目“E:\aaaal\StudyCPlusPlus\cpp_study\cpp_study.vcxproj”(Build 个目标)的操作 - 失败。

生成失败。

已用时间 00:00:01.25
